Determining if the pthread_create exist failed with the following output:
Change Dir: /home/cuddliu/demo03_ws/build/CMakeFiles/CMakeTmp

Run Build Command:"/usr/bin/make" "cmTC_f213e/fast"
/usr/bin/make -f CMakeFiles/cmTC_f213e.dir/build.make CMakeFiles/cmTC_f213e.dir/build
make[1]: 进入目录“/home/cuddliu/demo03_ws/build/CMakeFiles/CMakeTmp”
Building C object CMakeFiles/cmTC_f213e.dir/CheckSymbolExists.c.o
/usr/bin/cc    -o CMakeFiles/cmTC_f213e.dir/CheckSymbolExists.c.o   -c /home/cuddliu/demo03_ws/build/CMakeFiles/CMakeTmp/CheckSymbolExists.c
Linking C executable cmTC_f213e
/usr/bin/cmake -E cmake_link_script CMakeFiles/cmTC_f213e.dir/link.txt --verbose=1
/usr/bin/cc      -rdynamic CMakeFiles/cmTC_f213e.dir/CheckSymbolExists.c.o  -o cmTC_f213e 
CMakeFiles/cmTC_f213e.dir/CheckSymbolExists.c.o：在函数‘main’中：
CheckSymbolExists.c:(.text+0x1b)：对‘pthread_create’未定义的引用
collect2: error: ld returned 1 exit status
CMakeFiles/cmTC_f213e.dir/build.make:97: recipe for target 'cmTC_f213e' failed
make[1]: *** [cmTC_f213e] Error 1
make[1]: 离开目录“/home/cuddliu/demo03_ws/build/CMakeFiles/CMakeTmp”
Makefile:126: recipe for target 'cmTC_f213e/fast' failed
make: *** [cmTC_f213e/fast] Error 2

File /home/cuddliu/demo03_ws/build/CMakeFiles/CMakeTmp/CheckSymbolExists.c:
/* */
#include <pthread.h>

int main(int argc, char** argv)
{
  (void)argv;
#ifndef pthread_create
  return ((int*)(&pthread_create))[argc];
#else
  (void)argc;
  return 0;
#endif
}

Determining if the function pthread_create exists in the pthreads failed with the following output:
Change Dir: /home/cuddliu/demo03_ws/build/CMakeFiles/CMakeTmp

Run Build Command:"/usr/bin/make" "cmTC_732be/fast"
/usr/bin/make -f CMakeFiles/cmTC_732be.dir/build.make CMakeFiles/cmTC_732be.dir/build
make[1]: 进入目录“/home/cuddliu/demo03_ws/build/CMakeFiles/CMakeTmp”
Building C object CMakeFiles/cmTC_732be.dir/CheckFunctionExists.c.o
/usr/bin/cc   -DCHECK_FUNCTION_EXISTS=pthread_create   -o CMakeFiles/cmTC_732be.dir/CheckFunctionExists.c.o   -c /usr/share/cmake-3.10/Modules/CheckFunctionExists.c
Linking C executable cmTC_732be
/usr/bin/cmake -E cmake_link_script CMakeFiles/cmTC_732be.dir/link.txt --verbose=1
/usr/bin/cc  -DCHECK_FUNCTION_EXISTS=pthread_create    -rdynamic CMakeFiles/cmTC_732be.dir/CheckFunctionExists.c.o  -o cmTC_732be -lpthreads 
/usr/bin/ld: 找不到 -lpthreads
collect2: error: ld returned 1 exit status
CMakeFiles/cmTC_732be.dir/build.make:97: recipe for target 'cmTC_732be' failed
make[1]: *** [cmTC_732be] Error 1
make[1]: 离开目录“/home/cuddliu/demo03_ws/build/CMakeFiles/CMakeTmp”
Makefile:126: recipe for target 'cmTC_732be/fast' failed
make: *** [cmTC_732be/fast] Error 2


